141007 00:37:36 mysqld_safe Starting mysqld daemon with databases from /var/lib/mysql
141007  0:37:36 [Warning] Using unique option prefix key_buffer instead of key_buffer_size is deprecated and will be removed in a future release. Please use the full name instead.
141007  0:37:36 [Warning] Using unique option prefix myisam-recover instead of myisam-recover-options is deprecated and will be removed in a future release. Please use the full name instead.
141007  0:37:36 [Note] Plugin 'FEDERATED' is disabled.
141007  0:37:36 InnoDB: The InnoDB memory heap is disabled
141007  0:37:36 InnoDB: Mutexes and rw_locks use GCC atomic builtins
141007  0:37:36 InnoDB: Compressed tables use zlib 1.2.8
141007  0:37:36 InnoDB: Using Linux native AIO
141007  0:37:36 InnoDB: Initializing buffer pool, size = 128.0M
141007  0:37:36 InnoDB: Completed initialization of buffer pool
141007  0:37:36 InnoDB: highest supported file format is Barracuda.
InnoDB: The log sequence number in ibdata files does not match
InnoDB: the log sequence number in the ib_logfiles!
141007  0:37:36  InnoDB: Database was not shut down normally!
InnoDB: Starting crash recovery.
InnoDB: Reading tablespace information from the .ibd files...
InnoDB: Restoring possible half-written data pages from the doublewrite
InnoDB: buffer...
141007  0:37:37  InnoDB: Waiting for the background threads to start
141007  0:37:38 InnoDB: 5.5.38 started; log sequence number 227211915
141007  0:37:38 [Note] Server hostname (bind-address): '127.0.0.1'; port: 3306
141007  0:37:38 [Note]   - '127.0.0.1' resolves to '127.0.0.1';
141007  0:37:38 [Note] Server socket created on IP: '127.0.0.1'.
141007  0:37:38 [Note] Event Scheduler: Loaded 0 events
141007  0:37:38 [Note] /usr/sbin/mysqld: ready for connections.
Version: '5.5.38-0ubuntu0.14.04.1'  socket: '/var/run/mysqld/mysqld.sock'  port: 3306  (Ubuntu)
141007  0:37:39 [ERROR] /usr/sbin/mysqld: Table './spire_new/wp_options' is marked as crashed and should be repaired
141007  0:37:39 [Warning] Checking table:   './spire_new/wp_options'
141007  0:37:39 [ERROR] /usr/sbin/mysqld: Table './spire_new/wp_postmeta' is marked as crashed and should be repaired
141007  0:37:39 [Warning] Checking table:   './spire_new/wp_postmeta'
141007  0:37:39 [ERROR] /usr/sbin/mysqld: Table './spire_wordpress/wp_comments' is marked as crashed and should be repaired
141007  0:37:39 [Warning] Checking table:   './spire_wordpress/wp_comments'
141007  0:37:39 [ERROR] /usr/sbin/mysqld: Table './spire_wordpress/wp_options' is marked as crashed and should be repaired
141007  0:37:39 [Warning] Checking table:   './spire_wordpress/wp_options'
141007  0:37:39 [ERROR] /usr/sbin/mysqld: Table './spire_wordpress/wp_postmeta' is marked as crashed and should be repaired
141007  0:37:39 [Warning] Checking table:   './spire_wordpress/wp_postmeta'
